<?xml version="1.0" encoding="UTF-8"?><testsuite errors="0" failures="0" name="Navegar pelas abas no menu pricipal" skipped="0" tests="18" time="213.17" timestamp="2020-12-15 09:19:35"><testcase name="verificar aba minha visão"/><testcase name="verificar aba ver tarefas"/><testcase name="verificar aba criar tarefa"/><testcase name="verificar aba registro de mudancas"/><testcase name="verificar aba planejamento"/><testcase name="verificar aba resumo"/><testcase name="verificar aba gerenciar"/><testcase name="Navegar por abas"/><testcase name="Navegar por abas apos diminuir a bandeja"/><testcase name="verificar aba Usuários da tela de gerenciar"/><testcase name="verificar aba projetos da tela de gerenciar"/><testcase name="verificar aba Marcadores da tela de gerenciar"/><testcase name="verificar aba Campos Personalizados da tela de gerenciar"/><testcase name="verificar aba Perfís Globais da tela de gerenciar"/><testcase name="verificar aba Plugins da tela de gerenciar"/><testcase name="verificar aba Configuração da tela de gerenciar"/><testcase name="verificar aba Informação do Site da tela de gerenciar"/><testcase name="Navegar por abas da tela de gerenciar"/></testsuite>