<?xml version="1.0" encoding="UTF-8"?><testsuite errors="0" failures="0" name="Criar novo projeto" skipped="0" tests="10" time="221.59" timestamp="2020-12-09 05:33:36"><testcase name="Crio um novo projeto"/><testcase name="apago um novo projeto criado"/><testcase name="crio um  novo subprojeto para um projeto criado"/><testcase name="editar um projeto criado"/><testcase name="adiciono um novo subprojeto"/><testcase name="desvincular um subprojeto"/><testcase name="apagar projeto que possua um subprojeto"/><testcase name="adiciono versao ao projeto"/><testcase name="adiciono e altero a versao do projeto"/><testcase name="apago versao do projeto"/></testsuite>