<?xml version="1.0" encoding="UTF-8"?><testsuite errors="2" failures="0" name="Criar novo usuario" skipped="0" tests="2" time="87.11" timestamp="2020-12-15 09:28:27"><testcase name="Crio um novo usuario pelo gerenciar usuarios"><error message="no such element: Unable to locate element: {&quot;method&quot;:&quot;xpath&quot;,&quot;selector&quot;:&quot;//div[@id='main-container']/div[2]/div[2]/div/div/div/div[2]/p&quot;}&#10;  (Session info: chrome=87.0.4280.88)&#10;For documentation on this error, please visit: https://www.seleniumhq.org/exceptions/no_such_element.html&#10;Build info: version: '3.141.59', revision: 'e82be7d358', time: '2018-11-14T08:17:03'&#10;System info: host: 'DESKTOP-JRB3LUH', ip: '192.168.15.104', os.name: 'Windows 10', os.arch: 'amd64', os.version: '10.0', java.version: '1.8.0_251'&#10;Driver info: org.openqa.selenium.chrome.ChromeDriver&#10;Capabilities {acceptInsecureCerts: false, browserName: chrome, browserVersion: 87.0.4280.88, chrome: {chromedriverVersion: 86.0.4240.22 (398b0743353ff..., userDataDir: C:\Users\mathe\AppData\Loca...}, goog:chromeOptions: {debuggerAddress: localhost:50393}, javascriptEnabled: true, networkConnectionEnabled: false, pageLoadStrategy: normal, platform: WINDOWS, platformName: WINDOWS, proxy: Proxy(), setWindowRect: true, strictFileInteractability: false, timeouts: {implicit: 0, pageLoad: 300000, script: 30000}, unhandledPromptBehavior: dismiss and notify, webauthn:virtualAuthenticators: true}&#10;Session ID: 0676aeea58f0210dcc9b6cf33932b0bf&#10;*** Element info: {Using=xpath, value=//div[@id='main-container']/div[2]/div[2]/div/div/div/div[2]/p}&#10;For documentation on this error, please visit: https://www.seleniumhq.org/exceptions/no_such_element.html&#10;Build info: version: '3.141.59', revision: 'e82be7d358', time: '2018-11-14T08:17:03'&#10;System info: host: 'DESKTOP-JRB3LUH', ip: '192.168.15.104', os.name: 'Windows 10', os.arch: 'amd64', os.version: '10.0', java.version: '1.8.0_251'&#10;Driver info: driver.version: unknown" type="org.openqa.selenium.NoSuchElementException">no such element: Unable to locate element: {"method":"xpath","selector":"//div[@id='main-container']/div[2]/div[2]/div/div/div/div[2]/p"}
  (Session info: chrome=87.0.4280.88)
For documentation on this error, please visit: https://www.seleniumhq.org/exceptions/no_such_element.html
Build info: version: '3.141.59', revision: 'e82be7d358', time: '2018-11-14T08:17:03'
System info: host: 'DESKTOP-JRB3LUH', ip: '192.168.15.104', os.name: 'Windows 10', os.arch: 'amd64', os.version: '10.0', java.version: '1.8.0_251'
Driver info: org.openqa.selenium.chrome.ChromeDriver
Capabilities {acceptInsecureCerts: false, browserName: chrome, browserVersion: 87.0.4280.88, chrome: {chromedriverVersion: 86.0.4240.22 (398b0743353ff..., userDataDir: C:\Users\mathe\AppData\Loca...}, goog:chromeOptions: {debuggerAddress: localhost:50393}, javascriptEnabled: true, networkConnectionEnabled: false, pageLoadStrategy: normal, platform: WINDOWS, platformName: WINDOWS, proxy: Proxy(), setWindowRect: true, strictFileInteractability: false, timeouts: {implicit: 0, pageLoad: 300000, script: 30000}, unhandledPromptBehavior: dismiss and notify, webauthn:virtualAuthenticators: true}
Session ID: 0676aeea58f0210dcc9b6cf33932b0bf
*** Element info: {Using=xpath, value=//div[@id='main-container']/div[2]/div[2]/div/div/div/div[2]/p}
For documentation on this error, please visit: https://www.seleniumhq.org/exceptions/no_such_element.html
Build info: version: '3.141.59', revision: 'e82be7d358', time: '2018-11-14T08:17:03'
System info: host: 'DESKTOP-JRB3LUH', ip: '192.168.15.104', os.name: 'Windows 10', os.arch: 'amd64', os.version: '10.0', java.version: '1.8.0_251'
Driver info: driver.version: unknown</error><system-err>no such element: Unable to locate element: {"method":"xpath","selector":"//div[@id='main-container']/div[2]/div[2]/div/div/div/div[2]/p"}
  (Session info: chrome=87.0.4280.88)
For documentation on this error, please visit: https://www.seleniumhq.org/exceptions/no_such_element.html
Build info: version: '3.141.59', revision: 'e82be7d358', time: '2018-11-14T08:17:03'
System info: host: 'DESKTOP-JRB3LUH', ip: '192.168.15.104', os.name: 'Windows 10', os.arch: 'amd64', os.version: '10.0', java.version: '1.8.0_251'
Driver info: org.openqa.selenium.chrome.ChromeDriver
Capabilities {acceptInsecureCerts: false, browserName: chrome, browserVersion: 87.0.4280.88, chrome: {chromedriverVersion: 86.0.4240.22 (398b0743353ff..., userDataDir: C:\Users\mathe\AppData\Loca...}, goog:chromeOptions: {debuggerAddress: localhost:50393}, javascriptEnabled: true, networkConnectionEnabled: false, pageLoadStrategy: normal, platform: WINDOWS, platformName: WINDOWS, proxy: Proxy(), setWindowRect: true, strictFileInteractability: false, timeouts: {implicit: 0, pageLoad: 300000, script: 30000}, unhandledPromptBehavior: dismiss and notify, webauthn:virtualAuthenticators: true}
Session ID: 0676aeea58f0210dcc9b6cf33932b0bf
*** Element info: {Using=xpath, value=//div[@id='main-container']/div[2]/div[2]/div/div/div/div[2]/p}
For documentation on this error, please visit: https://www.seleniumhq.org/exceptions/no_such_element.html
Build info: version: '3.141.59', revision: 'e82be7d358', time: '2018-11-14T08:17:03'
System info: host: 'DESKTOP-JRB3LUH', ip: '192.168.15.104', os.name: 'Windows 10', os.arch: 'amd64', os.version: '10.0', java.version: '1.8.0_251'
Driver info: driver.version: unknown&#13;
br.com.serenitybddtemplate.bases.PageBase.waitForElement(PageBase.java:45)&#13;
br.com.serenitybddtemplate.bases.PageBase.getText(PageBase.java:210)&#13;
br.com.serenitybddtemplate.pages.CriarUsuarioPage.retornoUsuarioSalvo(CriarUsuarioPage.java:54)&#13;
br.com.serenitybddtemplate.steps.CriarUsuarioSteps.retornoUsuarioSalvo(CriarUsuarioSteps.java:44)&#13;
br.com.serenitybddtemplate.stepdefinitions.GerenciarUsuariosStepDefinitions.retornaMarcadorCriado(GerenciarUsuariosStepDefinitions.java:59)&#13;
cucumber.runner.Runner.runPickle(Runner.java:80)&#13;
</system-err></testcase><testcase name="Crio um novo usuario pelo botao convidar usuario"><error message="no such element: Unable to locate element: {&quot;method&quot;:&quot;xpath&quot;,&quot;selector&quot;:&quot;//div[@id='main-container']/div[2]/div[2]/div/div/div/div[2]/p&quot;}&#10;  (Session info: chrome=87.0.4280.88)&#10;For documentation on this error, please visit: https://www.seleniumhq.org/exceptions/no_such_element.html&#10;Build info: version: '3.141.59', revision: 'e82be7d358', time: '2018-11-14T08:17:03'&#10;System info: host: 'DESKTOP-JRB3LUH', ip: '192.168.15.104', os.name: 'Windows 10', os.arch: 'amd64', os.version: '10.0', java.version: '1.8.0_251'&#10;Driver info: org.openqa.selenium.chrome.ChromeDriver&#10;Capabilities {acceptInsecureCerts: false, browserName: chrome, browserVersion: 87.0.4280.88, chrome: {chromedriverVersion: 86.0.4240.22 (398b0743353ff..., userDataDir: C:\Users\mathe\AppData\Loca...}, goog:chromeOptions: {debuggerAddress: localhost:50503}, javascriptEnabled: true, networkConnectionEnabled: false, pageLoadStrategy: normal, platform: WINDOWS, platformName: WINDOWS, proxy: Proxy(), setWindowRect: true, strictFileInteractability: false, timeouts: {implicit: 0, pageLoad: 300000, script: 30000}, unhandledPromptBehavior: dismiss and notify, webauthn:virtualAuthenticators: true}&#10;Session ID: 7eee45c7c9bfd34fcea1e141c71d5952&#10;*** Element info: {Using=xpath, value=//div[@id='main-container']/div[2]/div[2]/div/div/div/div[2]/p}&#10;For documentation on this error, please visit: https://www.seleniumhq.org/exceptions/no_such_element.html&#10;Build info: version: '3.141.59', revision: 'e82be7d358', time: '2018-11-14T08:17:03'&#10;System info: host: 'DESKTOP-JRB3LUH', ip: '192.168.15.104', os.name: 'Windows 10', os.arch: 'amd64', os.version: '10.0', java.version: '1.8.0_251'&#10;Driver info: driver.version: unknown" type="org.openqa.selenium.NoSuchElementException">no such element: Unable to locate element: {"method":"xpath","selector":"//div[@id='main-container']/div[2]/div[2]/div/div/div/div[2]/p"}
  (Session info: chrome=87.0.4280.88)
For documentation on this error, please visit: https://www.seleniumhq.org/exceptions/no_such_element.html
Build info: version: '3.141.59', revision: 'e82be7d358', time: '2018-11-14T08:17:03'
System info: host: 'DESKTOP-JRB3LUH', ip: '192.168.15.104', os.name: 'Windows 10', os.arch: 'amd64', os.version: '10.0', java.version: '1.8.0_251'
Driver info: org.openqa.selenium.chrome.ChromeDriver
Capabilities {acceptInsecureCerts: false, browserName: chrome, browserVersion: 87.0.4280.88, chrome: {chromedriverVersion: 86.0.4240.22 (398b0743353ff..., userDataDir: C:\Users\mathe\AppData\Loca...}, goog:chromeOptions: {debuggerAddress: localhost:50503}, javascriptEnabled: true, networkConnectionEnabled: false, pageLoadStrategy: normal, platform: WINDOWS, platformName: WINDOWS, proxy: Proxy(), setWindowRect: true, strictFileInteractability: false, timeouts: {implicit: 0, pageLoad: 300000, script: 30000}, unhandledPromptBehavior: dismiss and notify, webauthn:virtualAuthenticators: true}
Session ID: 7eee45c7c9bfd34fcea1e141c71d5952
*** Element info: {Using=xpath, value=//div[@id='main-container']/div[2]/div[2]/div/div/div/div[2]/p}
For documentation on this error, please visit: https://www.seleniumhq.org/exceptions/no_such_element.html
Build info: version: '3.141.59', revision: 'e82be7d358', time: '2018-11-14T08:17:03'
System info: host: 'DESKTOP-JRB3LUH', ip: '192.168.15.104', os.name: 'Windows 10', os.arch: 'amd64', os.version: '10.0', java.version: '1.8.0_251'
Driver info: driver.version: unknown</error><system-err>no such element: Unable to locate element: {"method":"xpath","selector":"//div[@id='main-container']/div[2]/div[2]/div/div/div/div[2]/p"}
  (Session info: chrome=87.0.4280.88)
For documentation on this error, please visit: https://www.seleniumhq.org/exceptions/no_such_element.html
Build info: version: '3.141.59', revision: 'e82be7d358', time: '2018-11-14T08:17:03'
System info: host: 'DESKTOP-JRB3LUH', ip: '192.168.15.104', os.name: 'Windows 10', os.arch: 'amd64', os.version: '10.0', java.version: '1.8.0_251'
Driver info: org.openqa.selenium.chrome.ChromeDriver
Capabilities {acceptInsecureCerts: false, browserName: chrome, browserVersion: 87.0.4280.88, chrome: {chromedriverVersion: 86.0.4240.22 (398b0743353ff..., userDataDir: C:\Users\mathe\AppData\Loca...}, goog:chromeOptions: {debuggerAddress: localhost:50503}, javascriptEnabled: true, networkConnectionEnabled: false, pageLoadStrategy: normal, platform: WINDOWS, platformName: WINDOWS, proxy: Proxy(), setWindowRect: true, strictFileInteractability: false, timeouts: {implicit: 0, pageLoad: 300000, script: 30000}, unhandledPromptBehavior: dismiss and notify, webauthn:virtualAuthenticators: true}
Session ID: 7eee45c7c9bfd34fcea1e141c71d5952
*** Element info: {Using=xpath, value=//div[@id='main-container']/div[2]/div[2]/div/div/div/div[2]/p}
For documentation on this error, please visit: https://www.seleniumhq.org/exceptions/no_such_element.html
Build info: version: '3.141.59', revision: 'e82be7d358', time: '2018-11-14T08:17:03'
System info: host: 'DESKTOP-JRB3LUH', ip: '192.168.15.104', os.name: 'Windows 10', os.arch: 'amd64', os.version: '10.0', java.version: '1.8.0_251'
Driver info: driver.version: unknown&#13;
br.com.serenitybddtemplate.bases.PageBase.waitForElement(PageBase.java:45)&#13;
br.com.serenitybddtemplate.bases.PageBase.getText(PageBase.java:210)&#13;
br.com.serenitybddtemplate.pages.CriarUsuarioPage.retornoUsuarioSalvo(CriarUsuarioPage.java:54)&#13;
br.com.serenitybddtemplate.steps.CriarUsuarioSteps.retornoUsuarioSalvo(CriarUsuarioSteps.java:44)&#13;
br.com.serenitybddtemplate.stepdefinitions.GerenciarUsuariosStepDefinitions.retornaMarcadorCriado(GerenciarUsuariosStepDefinitions.java:59)&#13;
cucumber.runner.Runner.runPickle(Runner.java:80)&#13;
</system-err></testcase></testsuite>